app/build/intermediates/manifest_merge_blame_file/debug/manifest-merger-blame-debug-report.txt
1<?xml version="1.0" encoding="utf-8"?>
2<manifest xmlns:android="http://schemas.android.com/apk/res/android"
3    package="com.asad.sportsvaganza"
4    android:versionCode="1"
5    android:versionName="1.0" >
6
7    <uses-sdk
8        android:minSdkVersion="19"
8-->src\main\AndroidManifest.xml
9        android:targetSdkVersion="29" />
9-->src\main\AndroidManifest.xml
10
11    <application
11-->src\main\AndroidManifest.xml:5:5-28:19
12        android:allowBackup="true"
12-->src\main\AndroidManifest.xml:6:9-35
13        android:appComponentFactory="androidx.core.app.CoreComponentFactory"
13-->[androidx.core:core:1.1.0] AndroidManifest.xml:24:18-86
14        android:debuggable="true"
15        android:icon="@drawable/ic_logo1"
15-->src\main\AndroidManifest.xml:7:9-42
16        android:label="@string/app_name"
16-->src\main\AndroidManifest.xml:8:9-41
17        android:roundIcon="@drawable/ic_logo1"
17-->src\main\AndroidManifest.xml:9:9-47
18        android:supportsRtl="true"
18-->src\main\AndroidManifest.xml:10:9-35
19        android:testOnly="true"
20        android:theme="@style/Theme.AppCompat.Light.NoActionBar" >
20-->src\main\AndroidManifest.xml:11:9-65
21        <activity android:name="com.asad.sportsvaganza.Activities.LoginActivity" />
21-->src\main\AndroidManifest.xml:12:9-68
21-->src\main\AndroidManifest.xml:12:19-65
22        <activity android:name="com.asad.sportsvaganza.Activities.FootballMainActivity" />
22-->src\main\AndroidManifest.xml:14:9-72
22-->src\main\AndroidManifest.xml:14:19-69
23        <activity android:name="com.asad.sportsvaganza.Activities.CricketMainActivity" />
23-->src\main\AndroidManifest.xml:15:9-71
23-->src\main\AndroidManifest.xml:15:19-68
24        <activity android:name="com.asad.sportsvaganza.Activities.GamesListActivity" />
24-->src\main\AndroidManifest.xml:16:9-68
24-->src\main\AndroidManifest.xml:16:19-65
25        <activity android:name="com.asad.sportsvaganza.Activities.SplashActivity" >
25-->src\main\AndroidManifest.xml:17:9-23:20
25-->src\main\AndroidManifest.xml:17:19-61
26            <intent-filter>
26-->src\main\AndroidManifest.xml:18:13-22:29
27                <action android:name="android.intent.action.MAIN" />
27-->src\main\AndroidManifest.xml:19:17-69
27-->src\main\AndroidManifest.xml:19:25-66
28
29                <category android:name="android.intent.category.LAUNCHER" />
29-->src\main\AndroidManifest.xml:21:17-77
29-->src\main\AndroidManifest.xml:21:27-74
30            </intent-filter>
31        </activity>
32
33        <meta-data
33-->src\main\AndroidManifest.xml:25:9-27:57
34            android:name="preloaded_fonts"
34-->src\main\AndroidManifest.xml:26:13-43
35            android:resource="@array/preloaded_fonts" />
35-->src\main\AndroidManifest.xml:27:13-54
36
37        <provider
37-->[com.rhexgomez.typer:typer-roboto:2.0.0] AndroidManifest.xml:28:9-31:40
38            android:name="com.rhexgomez.typer.common.TyperProvider"
38-->[com.rhexgomez.typer:typer-roboto:2.0.0] AndroidManifest.xml:29:13-68
39            android:authorities="com.asad.sportsvaganza.com.rhexgomez.typer.roboto"
39-->[com.rhexgomez.typer:typer-roboto:2.0.0] AndroidManifest.xml:30:13-78
40            android:exported="false" />
40-->[com.rhexgomez.typer:typer-roboto:2.0.0] AndroidManifest.xml:31:13-37
41        <provider
41-->[com.squareup.picasso:picasso:2.71828] AndroidManifest.xml:8:9-11:40
42            android:name="com.squareup.picasso.PicassoProvider"
42-->[com.squareup.picasso:picasso:2.71828] AndroidManifest.xml:9:13-64
43            android:authorities="com.asad.sportsvaganza.com.squareup.picasso"
43-->[com.squareup.picasso:picasso:2.71828] AndroidManifest.xml:10:13-72
44            android:exported="false" />
44-->[com.squareup.picasso:picasso:2.71828] AndroidManifest.xml:11:13-37
45    </application>
46
47</manifest>